<?xml version="1.0" encoding="UTF-8"?>
<!-- Generated by org.testng.reporters.JUnitReportReporter -->
<testsuite hostname="LAPTOP-UMGIKAS2" failures="0" tests="3" name="testcases.ValidLoginTest" time="44.052" errors="0" timestamp="2025-11-10T13:58:07 IST" skipped="0">
  <testcase classname="testcases.ValidLoginTest" name="loginWithMultipleUsers" time="12.430"/>
  <system-out/>
  <testcase classname="testcases.ValidLoginTest" name="loginWithMultipleUsers" time="16.339"/>
  <system-out/>
  <testcase classname="testcases.ValidLoginTest" name="loginWithMultipleUsers" time="15.283"/>
  <system-out/>
</testsuite> <!-- testcases.ValidLoginTest -->
