<?xml version="1.0" encoding="UTF-8"?>
<!-- Generated by org.testng.reporters.JUnitXMLReporter -->
<testsuite ignored="0" hostname="LAPTOP-UMGIKAS2" failures="0" tests="7" name="Surefire test" time="71.93" errors="0" timestamp="2025-09-10T18:21:15 IST">
  <testcase classname="testcases.E2EFlowTest" name="loginAddToCartCheckout" time="6.781"/>
  <testcase classname="testcases.InvalidLoginTest" name="loginWithInvalidCredentials" time="0.61"/>
  <testcase classname="testcases.InvalidLoginTest" name="loginWithInvalidCredentials" time="2.66"/>
  <testcase classname="testcases.InvalidLoginTest" name="loginWithInvalidCredentials" time="2.984"/>
  <testcase classname="testcases.ValidLoginTest" name="loginWithMultipleUsers" time="7.159"/>
  <testcase classname="testcases.ValidLoginTest" name="loginWithMultipleUsers" time="9.29"/>
  <testcase classname="testcases.ValidLoginTest" name="loginWithMultipleUsers" time="9.009"/>
</testsuite> <!-- Surefire test -->
