<?xml version="1.0" encoding="UTF-8"?>
<!-- Generated by org.testng.reporters.JUnitXMLReporter -->
<testsuite ignored="8" hostname="LAPTOP-UMGIKAS2" failures="1" tests="7" name="Surefire test" time="49.575" errors="0" timestamp="2025-09-09T17:36:39 IST">
  <testcase classname="testcases.E2EFlowTest" name="loginAddToCartCheckout" time="7.058"/>
  <testcase classname="testcases.InvalidLoginTest" name="loginWithInvalidCredentials" time="1.431"/>
  <testcase classname="testcases.InvalidLoginTest" name="loginWithInvalidCredentials" time="0.562"/>
  <testcase classname="testcases.InvalidLoginTest" name="loginWithInvalidCredentials" time="1.204"/>
  <testcase classname="testcases.ValidLoginTest" name="loginWithMultipleUsers" time="8.005"/>
  <testcase classname="testcases.ValidLoginTest" name="loginWithMultipleUsers" time="6.277"/>
  <testcase classname="testcases.ValidLoginTest" name="loginWithMultipleUsers" time="7.442">
    <failure type="java.lang.AssertionError" message="expected [true] but found [false]">
      <![CDATA[java.lang.AssertionError: expected [true] but found [false]
at testcases.ValidLoginTest.loginWithMultipleUsers(ValidLoginTest.java:31)
at java.base/java.util.concurrent.FutureTask.run(FutureTask.java:317)
at java.base/java.util.concurrent.Executors$RunnableAdapter.call(Executors.java:572)
at java.base/java.util.concurrent.FutureTask.run(FutureTask.java:317)
at java.base/java.util.concurrent.ThreadPoolExecutor.runWorker(ThreadPoolExecutor.java:1144)
at java.base/java.util.concurrent.ThreadPoolExecutor$Worker.run(ThreadPoolExecutor.java:642)
at java.base/java.lang.Thread.run(Thread.java:1575)
... Removed 11 stack frames]]>
    </failure>
  </testcase> <!-- loginWithMultipleUsers -->
  <testcase classname="base.BaseTest" name="@BeforeSuite setupExtent" time="0.0">
    <ignored/>
  </testcase> <!-- @BeforeSuite setupExtent -->
  <testcase classname="base.BaseTest" name="@BeforeSuite setupExtent" time="0.0">
    <ignored/>
  </testcase> <!-- @BeforeSuite setupExtent -->
  <testcase classname="base.BaseTest" name="@AfterSuite tearDownExtent" time="0.0">
    <ignored/>
  </testcase> <!-- @AfterSuite tearDownExtent -->
  <testcase classname="base.BaseTest" name="@AfterSuite tearDownExtent" time="0.0">
    <ignored/>
  </testcase> <!-- @AfterSuite tearDownExtent -->
  <testcase classname="base.BaseTest" name="@AfterSuite tearDownExtent" time="0.0">
    <ignored/>
  </testcase> <!-- @AfterSuite tearDownExtent -->
  <testcase classname="base.BaseTest" name="@BeforeSuite setupExtent" time="0.0">
    <ignored/>
  </testcase> <!-- @BeforeSuite setupExtent -->
  <testcase classname="base.BaseTest" name="@AfterSuite tearDownExtent" time="0.0">
    <ignored/>
  </testcase> <!-- @AfterSuite tearDownExtent -->
  <testcase classname="base.BaseTest" name="@BeforeSuite setupExtent" time="0.0">
    <ignored/>
  </testcase> <!-- @BeforeSuite setupExtent -->
</testsuite> <!-- Surefire test -->
