<?xml version="1.0" encoding="UTF-8"?>
<!-- Generated by org.testng.reporters.JUnitXMLReporter -->
<testsuite ignored="0" hostname="LAPTOP-UMGIKAS2" failures="1" tests="3" name="Surefire test" time="12.006" errors="0" timestamp="2025-07-11T17:18:15 IST">
  <testcase classname="tests.LoginTest" name="loginWithMultipleUsers" time="0.467"/>
  <testcase classname="tests.LoginTest" name="loginWithMultipleUsers" time="0.527">
    <failure type="java.lang.AssertionError" message="expected [true] but found [false]">
      <![CDATA[java.lang.AssertionError: expected [true] but found [false]
at tests.LoginTest.loginWithMultipleUsers(LoginTest.java:24)
at java.base/java.util.ArrayList.forEach(ArrayList.java:1597)
... Removed 34 stack frames]]>
    </failure>
  </testcase> <!-- loginWithMultipleUsers -->
  <testcase classname="tests.LoginTest" name="loginWithMultipleUsers" time="1.018"/>
</testsuite> <!-- Surefire test -->
