<?xml version="1.0" encoding="UTF-8"?>
<!-- Generated by org.testng.reporters.JUnitXMLReporter -->
<testsuite ignored="0" hostname="LAPTOP-UMGIKAS2" failures="0" tests="7" name="Surefire test" time="40.132" errors="0" timestamp="2025-09-10T19:00:57 IST">
  <testcase classname="testcases.E2EFlowTest" name="loginAddToCartCheckout" time="1.571"/>
  <testcase classname="testcases.InvalidLoginTest" name="loginWithInvalidCredentials" time="0.719"/>
  <testcase classname="testcases.InvalidLoginTest" name="loginWithInvalidCredentials" time="0.995"/>
  <testcase classname="testcases.InvalidLoginTest" name="loginWithInvalidCredentials" time="0.597"/>
  <testcase classname="testcases.ValidLoginTest" name="loginWithMultipleUsers" time="6.952"/>
  <testcase classname="testcases.ValidLoginTest" name="loginWithMultipleUsers" time="8.974"/>
  <testcase classname="testcases.ValidLoginTest" name="loginWithMultipleUsers" time="7.912"/>
</testsuite> <!-- Surefire test -->
