<?xml version="1.0" encoding="UTF-8"?>
<!-- Generated by org.testng.reporters.JUnitXMLReporter -->
<testsuite ignored="0" hostname="LAPTOP-UMGIKAS2" failures="0" tests="7" name="Surefire test" time="47.188" errors="0" timestamp="2025-09-10T16:04:22 IST">
  <testcase classname="testcases.E2EFlowTest" name="loginAddToCartCheckout" time="3.18"/>
  <testcase classname="testcases.InvalidLoginTest" name="loginWithInvalidCredentials" time="0.694"/>
  <testcase classname="testcases.InvalidLoginTest" name="loginWithInvalidCredentials" time="0.794"/>
  <testcase classname="testcases.InvalidLoginTest" name="loginWithInvalidCredentials" time="0.659"/>
  <testcase classname="testcases.ValidLoginTest" name="loginWithMultipleUsers" time="6.303"/>
  <testcase classname="testcases.ValidLoginTest" name="loginWithMultipleUsers" time="6.31"/>
  <testcase classname="testcases.ValidLoginTest" name="loginWithMultipleUsers" time="5.877"/>
</testsuite> <!-- Surefire test -->
