<?xml version="1.0" encoding="UTF-8"?>
<testng-results ignored="0" total="7" passed="7" failed="0" skipped="0">
  <reporter-output>
  </reporter-output>
  <suite started-at="2025-11-10T13:57:29 IST" name="Surefire suite" finished-at="2025-11-10T13:58:06 IST" duration-ms="36881">
    <groups>
    </groups>
    <test started-at="2025-11-10T13:57:29 IST" name="Surefire test" finished-at="2025-11-10T13:58:06 IST" duration-ms="36881">
      <class name="testcases.ValidLoginTest">
        <test-method is-config="true" signature="setUp(java.lang.String)[pri:0, instance:testcases.ValidLoginTest@5f049ea1]" started-at="2025-11-10T13:57:51 IST" name="setUp" finished-at="2025-11-10T13:57:57 IST" duration-ms="5493" status="PASS">
          <params>
            <param index="0">
              <value>
                <![CDATA[chrome]]>
              </value>
            </param>
          </params>
          <reporter-output>
          </reporter-output>
        </test-method> <!-- setUp -->
        <test-method is-config="true" signature="setUp(java.lang.String)[pri:0, instance:testcases.ValidLoginTest@5f049ea1]" started-at="2025-11-10T13:57:51 IST" name="setUp" finished-at="2025-11-10T13:57:58 IST" duration-ms="6338" status="PASS">
          <params>
            <param index="0">
              <value>
                <![CDATA[chrome]]>
              </value>
            </param>
          </params>
          <reporter-output>
          </reporter-output>
        </test-method> <!-- setUp -->
        <test-method is-config="true" signature="setUp(java.lang.String)[pri:0, instance:testcases.ValidLoginTest@5f049ea1]" started-at="2025-11-10T13:57:51 IST" name="setUp" finished-at="2025-11-10T13:57:58 IST" duration-ms="6413" status="PASS">
          <params>
            <param index="0">
              <value>
                <![CDATA[chrome]]>
              </value>
            </param>
          </params>
          <reporter-output>
          </reporter-output>
        </test-method> <!-- setUp -->
        <test-method signature="loginWithMultipleUsers(java.lang.String,java.lang.String)[pri:0, instance:testcases.ValidLoginTest@5f049ea1]" started-at="2025-11-10T13:57:57 IST" name="loginWithMultipleUsers" data-provider="loginData" finished-at="2025-11-10T13:58:03 IST" duration-ms="6780" status="PASS">
          <params>
            <param index="0">
              <value>
                <![CDATA[standard_user]]>
              </value>
            </param>
            <param index="1">
              <value>
                <![CDATA[secret_sauce]]>
              </value>
            </param>
          </params>
          <reporter-output>
          </reporter-output>
        </test-method> <!-- loginWithMultipleUsers -->
        <test-method signature="loginWithMultipleUsers(java.lang.String,java.lang.String)[pri:0, instance:testcases.ValidLoginTest@5f049ea1]" started-at="2025-11-10T13:57:58 IST" name="loginWithMultipleUsers" data-provider="loginData" finished-at="2025-11-10T13:58:04 IST" duration-ms="6241" status="PASS">
          <params>
            <param index="0">
              <value>
                <![CDATA[problem_user]]>
              </value>
            </param>
            <param index="1">
              <value>
                <![CDATA[secret_sauce]]>
              </value>
            </param>
          </params>
          <reporter-output>
          </reporter-output>
        </test-method> <!-- loginWithMultipleUsers -->
        <test-method signature="loginWithMultipleUsers(java.lang.String,java.lang.String)[pri:0, instance:testcases.ValidLoginTest@5f049ea1]" started-at="2025-11-10T13:57:58 IST" name="loginWithMultipleUsers" data-provider="loginData" finished-at="2025-11-10T13:58:03 IST" duration-ms="5068" status="PASS">
          <params>
            <param index="0">
              <value>
                <![CDATA[locked_out_user]]>
              </value>
            </param>
            <param index="1">
              <value>
                <![CDATA[secret_sauce]]>
              </value>
            </param>
          </params>
          <reporter-output>
          </reporter-output>
        </test-method> <!-- loginWithMultipleUsers -->
        <test-method is-config="true" signature="tearDown()[pri:0, instance:testcases.ValidLoginTest@5f049ea1]" started-at="2025-11-10T13:58:03 IST" name="tearDown" finished-at="2025-11-10T13:58:06 IST" duration-ms="3221" status="PASS">
          <reporter-output>
          </reporter-output>
        </test-method> <!-- tearDown -->
        <test-method is-config="true" signature="tearDown()[pri:0, instance:testcases.ValidLoginTest@5f049ea1]" started-at="2025-11-10T13:58:03 IST" name="tearDown" finished-at="2025-11-10T13:58:06 IST" duration-ms="2629" status="PASS">
          <reporter-output>
          </reporter-output>
        </test-method> <!-- tearDown -->
        <test-method is-config="true" signature="tearDown()[pri:0, instance:testcases.ValidLoginTest@5f049ea1]" started-at="2025-11-10T13:58:04 IST" name="tearDown" finished-at="2025-11-10T13:58:06 IST" duration-ms="1869" status="PASS">
          <reporter-output>
          </reporter-output>
        </test-method> <!-- tearDown -->
      </class> <!-- testcases.ValidLoginTest -->
      <class name="testcases.InvalidLoginTest">
        <test-method is-config="true" signature="setUp(java.lang.String)[pri:0, instance:testcases.InvalidLoginTest@3f191845]" started-at="2025-11-10T13:57:40 IST" name="setUp" finished-at="2025-11-10T13:57:42 IST" duration-ms="2322" status="PASS">
          <params>
            <param index="0">
              <value>
                <![CDATA[chrome]]>
              </value>
            </param>
          </params>
          <reporter-output>
          </reporter-output>
        </test-method> <!-- setUp -->
        <test-method signature="loginWithInvalidCredentials(java.lang.String,java.lang.String,java.lang.String)[pri:0, instance:testcases.InvalidLoginTest@3f191845]" started-at="2025-11-10T13:57:42 IST" name="loginWithInvalidCredentials" data-provider="negativeLoginData" finished-at="2025-11-10T13:57:43 IST" duration-ms="703" status="PASS">
          <params>
            <param index="0">
              <value>
                <![CDATA[standard_user]]>
              </value>
            </param>
            <param index="1">
              <value>
                <![CDATA[wrong_pass]]>
              </value>
            </param>
            <param index="2">
              <value>
                <![CDATA[Epic sadface: Username and password do not match any user in this service]]>
              </value>
            </param>
          </params>
          <reporter-output>
          </reporter-output>
        </test-method> <!-- loginWithInvalidCredentials -->
        <test-method is-config="true" signature="tearDown()[pri:0, instance:testcases.InvalidLoginTest@3f191845]" started-at="2025-11-10T13:57:43 IST" name="tearDown" finished-at="2025-11-10T13:57:43 IST" duration-ms="618" status="PASS">
          <reporter-output>
          </reporter-output>
        </test-method> <!-- tearDown -->
        <test-method is-config="true" signature="setUp(java.lang.String)[pri:0, instance:testcases.InvalidLoginTest@3f191845]" started-at="2025-11-10T13:57:43 IST" name="setUp" finished-at="2025-11-10T13:57:45 IST" duration-ms="2052" status="PASS">
          <params>
            <param index="0">
              <value>
                <![CDATA[chrome]]>
              </value>
            </param>
          </params>
          <reporter-output>
          </reporter-output>
        </test-method> <!-- setUp -->
        <test-method signature="loginWithInvalidCredentials(java.lang.String,java.lang.String,java.lang.String)[pri:0, instance:testcases.InvalidLoginTest@3f191845]" started-at="2025-11-10T13:57:45 IST" name="loginWithInvalidCredentials" data-provider="negativeLoginData" finished-at="2025-11-10T13:57:47 IST" duration-ms="1230" status="PASS">
          <params>
            <param index="0">
              <value>
                <![CDATA[locked_out_user]]>
              </value>
            </param>
            <param index="1">
              <value>
                <![CDATA[secret_sauce]]>
              </value>
            </param>
            <param index="2">
              <value>
                <![CDATA[Epic sadface: Sorry, this user has been locked out.]]>
              </value>
            </param>
          </params>
          <reporter-output>
          </reporter-output>
        </test-method> <!-- loginWithInvalidCredentials -->
        <test-method is-config="true" signature="tearDown()[pri:0, instance:testcases.InvalidLoginTest@3f191845]" started-at="2025-11-10T13:57:47 IST" name="tearDown" finished-at="2025-11-10T13:57:47 IST" duration-ms="437" status="PASS">
          <reporter-output>
          </reporter-output>
        </test-method> <!-- tearDown -->
        <test-method is-config="true" signature="setUp(java.lang.String)[pri:0, instance:testcases.InvalidLoginTest@3f191845]" started-at="2025-11-10T13:57:47 IST" name="setUp" finished-at="2025-11-10T13:57:50 IST" duration-ms="2384" status="PASS">
          <params>
            <param index="0">
              <value>
                <![CDATA[chrome]]>
              </value>
            </param>
          </params>
          <reporter-output>
          </reporter-output>
        </test-method> <!-- setUp -->
        <test-method signature="loginWithInvalidCredentials(java.lang.String,java.lang.String,java.lang.String)[pri:0, instance:testcases.InvalidLoginTest@3f191845]" started-at="2025-11-10T13:57:50 IST" name="loginWithInvalidCredentials" data-provider="negativeLoginData" finished-at="2025-11-10T13:57:50 IST" duration-ms="820" status="PASS">
          <params>
            <param index="0">
              <value>
                <![CDATA[wrong_user]]>
              </value>
            </param>
            <param index="1">
              <value>
                <![CDATA[wrong_pass]]>
              </value>
            </param>
            <param index="2">
              <value>
                <![CDATA[Epic sadface: Username and password do not match any user in this service]]>
              </value>
            </param>
          </params>
          <reporter-output>
          </reporter-output>
        </test-method> <!-- loginWithInvalidCredentials -->
        <test-method is-config="true" signature="tearDown()[pri:0, instance:testcases.InvalidLoginTest@3f191845]" started-at="2025-11-10T13:57:50 IST" name="tearDown" finished-at="2025-11-10T13:57:51 IST" duration-ms="789" status="PASS">
          <reporter-output>
          </reporter-output>
        </test-method> <!-- tearDown -->
      </class> <!-- testcases.InvalidLoginTest -->
      <class name="testcases.E2EFlowTest">
        <test-method is-config="true" signature="setUp(java.lang.String)[pri:0, instance:testcases.E2EFlowTest@3ba987b8]" started-at="2025-11-10T13:57:29 IST" name="setUp" finished-at="2025-11-10T13:57:35 IST" duration-ms="5890" status="PASS">
          <params>
            <param index="0">
              <value>
                <![CDATA[chrome]]>
              </value>
            </param>
          </params>
          <reporter-output>
          </reporter-output>
        </test-method> <!-- setUp -->
        <test-method signature="loginAddToCartCheckout()[pri:0, instance:testcases.E2EFlowTest@3ba987b8]" started-at="2025-11-10T13:57:35 IST" name="loginAddToCartCheckout" finished-at="2025-11-10T13:57:38 IST" duration-ms="2709" status="PASS">
          <reporter-output>
          </reporter-output>
        </test-method> <!-- loginAddToCartCheckout -->
        <test-method is-config="true" signature="tearDown()[pri:0, instance:testcases.E2EFlowTest@3ba987b8]" started-at="2025-11-10T13:57:38 IST" name="tearDown" finished-at="2025-11-10T13:57:39 IST" duration-ms="668" status="PASS">
          <reporter-output>
          </reporter-output>
        </test-method> <!-- tearDown -->
      </class> <!-- testcases.E2EFlowTest -->
    </test> <!-- Surefire test -->
  </suite> <!-- Surefire suite -->
</testng-results>
