<?xml version="1.0" encoding="UTF-8"?>
<testng-results ignored="0" total="7" passed="7" failed="0" skipped="0">
  <reporter-output>
  </reporter-output>
  <suite started-at="2025-09-10T16:03:35 IST" name="Surefire suite" finished-at="2025-09-10T16:04:22 IST" duration-ms="47188">
    <groups>
    </groups>
    <test started-at="2025-09-10T16:03:35 IST" name="Surefire test" finished-at="2025-09-10T16:04:22 IST" duration-ms="47188">
      <class name="testcases.ValidLoginTest">
        <test-method is-config="true" signature="setUp(java.lang.String)[pri:0, instance:testcases.ValidLoginTest@2d901eb0]" started-at="2025-09-10T16:04:04 IST" name="setUp" finished-at="2025-09-10T16:04:11 IST" duration-ms="7382" status="PASS">
          <params>
            <param index="0">
              <value>
                <![CDATA[chrome]]>
              </value>
            </param>
          </params>
          <reporter-output>
          </reporter-output>
        </test-method> <!-- setUp -->
        <test-method is-config="true" signature="setUp(java.lang.String)[pri:0, instance:testcases.ValidLoginTest@2d901eb0]" started-at="2025-09-10T16:04:04 IST" name="setUp" finished-at="2025-09-10T16:04:10 IST" duration-ms="5921" status="PASS">
          <params>
            <param index="0">
              <value>
                <![CDATA[chrome]]>
              </value>
            </param>
          </params>
          <reporter-output>
          </reporter-output>
        </test-method> <!-- setUp -->
        <test-method is-config="true" signature="setUp(java.lang.String)[pri:0, instance:testcases.ValidLoginTest@2d901eb0]" started-at="2025-09-10T16:04:04 IST" name="setUp" finished-at="2025-09-10T16:04:12 IST" duration-ms="7900" status="PASS">
          <params>
            <param index="0">
              <value>
                <![CDATA[chrome]]>
              </value>
            </param>
          </params>
          <reporter-output>
          </reporter-output>
        </test-method> <!-- setUp -->
        <test-method signature="loginWithMultipleUsers(java.lang.String,java.lang.String)[pri:0, instance:testcases.ValidLoginTest@2d901eb0]" started-at="2025-09-10T16:04:10 IST" name="loginWithMultipleUsers" data-provider="loginData" finished-at="2025-09-10T16:04:16 IST" duration-ms="6303" status="PASS">
          <params>
            <param index="0">
              <value>
                <![CDATA[problem_user]]>
              </value>
            </param>
            <param index="1">
              <value>
                <![CDATA[secret_sauce]]>
              </value>
            </param>
          </params>
          <reporter-output>
          </reporter-output>
        </test-method> <!-- loginWithMultipleUsers -->
        <test-method signature="loginWithMultipleUsers(java.lang.String,java.lang.String)[pri:0, instance:testcases.ValidLoginTest@2d901eb0]" started-at="2025-09-10T16:04:11 IST" name="loginWithMultipleUsers" data-provider="loginData" finished-at="2025-09-10T16:04:17 IST" duration-ms="6310" status="PASS">
          <params>
            <param index="0">
              <value>
                <![CDATA[locked_out_user]]>
              </value>
            </param>
            <param index="1">
              <value>
                <![CDATA[secret_sauce]]>
              </value>
            </param>
          </params>
          <reporter-output>
          </reporter-output>
        </test-method> <!-- loginWithMultipleUsers -->
        <test-method signature="loginWithMultipleUsers(java.lang.String,java.lang.String)[pri:0, instance:testcases.ValidLoginTest@2d901eb0]" started-at="2025-09-10T16:04:12 IST" name="loginWithMultipleUsers" data-provider="loginData" finished-at="2025-09-10T16:04:18 IST" duration-ms="5877" status="PASS">
          <params>
            <param index="0">
              <value>
                <![CDATA[standard_user]]>
              </value>
            </param>
            <param index="1">
              <value>
                <![CDATA[secret_sauce]]>
              </value>
            </param>
          </params>
          <reporter-output>
          </reporter-output>
        </test-method> <!-- loginWithMultipleUsers -->
        <test-method is-config="true" signature="tearDown()[pri:0, instance:testcases.ValidLoginTest@2d901eb0]" started-at="2025-09-10T16:04:16 IST" name="tearDown" finished-at="2025-09-10T16:04:22 IST" duration-ms="6359" status="PASS">
          <reporter-output>
          </reporter-output>
        </test-method> <!-- tearDown -->
        <test-method is-config="true" signature="tearDown()[pri:0, instance:testcases.ValidLoginTest@2d901eb0]" started-at="2025-09-10T16:04:17 IST" name="tearDown" finished-at="2025-09-10T16:04:22 IST" duration-ms="4899" status="PASS">
          <reporter-output>
          </reporter-output>
        </test-method> <!-- tearDown -->
        <test-method is-config="true" signature="tearDown()[pri:0, instance:testcases.ValidLoginTest@2d901eb0]" started-at="2025-09-10T16:04:18 IST" name="tearDown" finished-at="2025-09-10T16:04:22 IST" duration-ms="4160" status="PASS">
          <reporter-output>
          </reporter-output>
        </test-method> <!-- tearDown -->
      </class> <!-- testcases.ValidLoginTest -->
      <class name="testcases.InvalidLoginTest">
        <test-method is-config="true" signature="setUp(java.lang.String)[pri:0, instance:testcases.InvalidLoginTest@35dab4eb]" started-at="2025-09-10T16:03:49 IST" name="setUp" finished-at="2025-09-10T16:03:52 IST" duration-ms="3230" status="PASS">
          <params>
            <param index="0">
              <value>
                <![CDATA[chrome]]>
              </value>
            </param>
          </params>
          <reporter-output>
          </reporter-output>
        </test-method> <!-- setUp -->
        <test-method signature="loginWithInvalidCredentials(java.lang.String,java.lang.String,java.lang.String)[pri:0, instance:testcases.InvalidLoginTest@35dab4eb]" started-at="2025-09-10T16:03:52 IST" name="loginWithInvalidCredentials" data-provider="negativeLoginData" finished-at="2025-09-10T16:03:53 IST" duration-ms="694" status="PASS">
          <params>
            <param index="0">
              <value>
                <![CDATA[standard_user]]>
              </value>
            </param>
            <param index="1">
              <value>
                <![CDATA[wrong_pass]]>
              </value>
            </param>
            <param index="2">
              <value>
                <![CDATA[Epic sadface: Username and password do not match any user in this service]]>
              </value>
            </param>
          </params>
          <reporter-output>
          </reporter-output>
        </test-method> <!-- loginWithInvalidCredentials -->
        <test-method is-config="true" signature="tearDown()[pri:0, instance:testcases.InvalidLoginTest@35dab4eb]" started-at="2025-09-10T16:03:53 IST" name="tearDown" finished-at="2025-09-10T16:03:55 IST" duration-ms="1668" status="PASS">
          <reporter-output>
          </reporter-output>
        </test-method> <!-- tearDown -->
        <test-method is-config="true" signature="setUp(java.lang.String)[pri:0, instance:testcases.InvalidLoginTest@35dab4eb]" started-at="2025-09-10T16:03:55 IST" name="setUp" finished-at="2025-09-10T16:03:57 IST" duration-ms="2456" status="PASS">
          <params>
            <param index="0">
              <value>
                <![CDATA[chrome]]>
              </value>
            </param>
          </params>
          <reporter-output>
          </reporter-output>
        </test-method> <!-- setUp -->
        <test-method signature="loginWithInvalidCredentials(java.lang.String,java.lang.String,java.lang.String)[pri:0, instance:testcases.InvalidLoginTest@35dab4eb]" started-at="2025-09-10T16:03:57 IST" name="loginWithInvalidCredentials" data-provider="negativeLoginData" finished-at="2025-09-10T16:03:58 IST" duration-ms="794" status="PASS">
          <params>
            <param index="0">
              <value>
                <![CDATA[locked_out_user]]>
              </value>
            </param>
            <param index="1">
              <value>
                <![CDATA[secret_sauce]]>
              </value>
            </param>
            <param index="2">
              <value>
                <![CDATA[Epic sadface: Sorry, this user has been locked out.]]>
              </value>
            </param>
          </params>
          <reporter-output>
          </reporter-output>
        </test-method> <!-- loginWithInvalidCredentials -->
        <test-method is-config="true" signature="tearDown()[pri:0, instance:testcases.InvalidLoginTest@35dab4eb]" started-at="2025-09-10T16:03:58 IST" name="tearDown" finished-at="2025-09-10T16:03:59 IST" duration-ms="1164" status="PASS">
          <reporter-output>
          </reporter-output>
        </test-method> <!-- tearDown -->
        <test-method is-config="true" signature="setUp(java.lang.String)[pri:0, instance:testcases.InvalidLoginTest@35dab4eb]" started-at="2025-09-10T16:03:59 IST" name="setUp" finished-at="2025-09-10T16:04:02 IST" duration-ms="2873" status="PASS">
          <params>
            <param index="0">
              <value>
                <![CDATA[chrome]]>
              </value>
            </param>
          </params>
          <reporter-output>
          </reporter-output>
        </test-method> <!-- setUp -->
        <test-method signature="loginWithInvalidCredentials(java.lang.String,java.lang.String,java.lang.String)[pri:0, instance:testcases.InvalidLoginTest@35dab4eb]" started-at="2025-09-10T16:04:02 IST" name="loginWithInvalidCredentials" data-provider="negativeLoginData" finished-at="2025-09-10T16:04:02 IST" duration-ms="659" status="PASS">
          <params>
            <param index="0">
              <value>
                <![CDATA[wrong_user]]>
              </value>
            </param>
            <param index="1">
              <value>
                <![CDATA[wrong_pass]]>
              </value>
            </param>
            <param index="2">
              <value>
                <![CDATA[Epic sadface: Username and password do not match any user in this service]]>
              </value>
            </param>
          </params>
          <reporter-output>
          </reporter-output>
        </test-method> <!-- loginWithInvalidCredentials -->
        <test-method is-config="true" signature="tearDown()[pri:0, instance:testcases.InvalidLoginTest@35dab4eb]" started-at="2025-09-10T16:04:02 IST" name="tearDown" finished-at="2025-09-10T16:04:04 IST" duration-ms="1205" status="PASS">
          <reporter-output>
          </reporter-output>
        </test-method> <!-- tearDown -->
      </class> <!-- testcases.InvalidLoginTest -->
      <class name="testcases.E2EFlowTest">
        <test-method is-config="true" signature="setUp(java.lang.String)[pri:0, instance:testcases.E2EFlowTest@8519cb4]" started-at="2025-09-10T16:03:35 IST" name="setUp" finished-at="2025-09-10T16:03:42 IST" duration-ms="6684" status="PASS">
          <params>
            <param index="0">
              <value>
                <![CDATA[chrome]]>
              </value>
            </param>
          </params>
          <reporter-output>
          </reporter-output>
        </test-method> <!-- setUp -->
        <test-method signature="loginAddToCartCheckout()[pri:0, instance:testcases.E2EFlowTest@8519cb4]" started-at="2025-09-10T16:03:42 IST" name="loginAddToCartCheckout" finished-at="2025-09-10T16:03:45 IST" duration-ms="3180" status="PASS">
          <reporter-output>
          </reporter-output>
        </test-method> <!-- loginAddToCartCheckout -->
        <test-method is-config="true" signature="tearDown()[pri:0, instance:testcases.E2EFlowTest@8519cb4]" started-at="2025-09-10T16:03:45 IST" name="tearDown" finished-at="2025-09-10T16:03:48 IST" duration-ms="2576" status="PASS">
          <reporter-output>
          </reporter-output>
        </test-method> <!-- tearDown -->
      </class> <!-- testcases.E2EFlowTest -->
    </test> <!-- Surefire test -->
  </suite> <!-- Surefire suite -->
</testng-results>
