<?xml version="1.0" encoding="UTF-8"?>
<testng-results ignored="0" total="7" passed="7" failed="0" skipped="0">
  <reporter-output>
  </reporter-output>
  <suite started-at="2025-09-10T18:20:04 IST" name="Surefire suite" finished-at="2025-09-10T18:21:15 IST" duration-ms="71930">
    <groups>
    </groups>
    <test started-at="2025-09-10T18:20:04 IST" name="Surefire test" finished-at="2025-09-10T18:21:15 IST" duration-ms="71930">
      <class name="testcases.ValidLoginTest">
        <test-method is-config="true" signature="setUp(java.lang.String)[pri:0, instance:testcases.ValidLoginTest@2d901eb0]" started-at="2025-09-10T18:20:50 IST" name="setUp" finished-at="2025-09-10T18:20:57 IST" duration-ms="6627" status="PASS">
          <params>
            <param index="0">
              <value>
                <![CDATA[chrome]]>
              </value>
            </param>
          </params>
          <reporter-output>
          </reporter-output>
        </test-method> <!-- setUp -->
        <test-method is-config="true" signature="setUp(java.lang.String)[pri:0, instance:testcases.ValidLoginTest@2d901eb0]" started-at="2025-09-10T18:20:50 IST" name="setUp" finished-at="2025-09-10T18:20:57 IST" duration-ms="6909" status="PASS">
          <params>
            <param index="0">
              <value>
                <![CDATA[chrome]]>
              </value>
            </param>
          </params>
          <reporter-output>
          </reporter-output>
        </test-method> <!-- setUp -->
        <test-method is-config="true" signature="setUp(java.lang.String)[pri:0, instance:testcases.ValidLoginTest@2d901eb0]" started-at="2025-09-10T18:20:50 IST" name="setUp" finished-at="2025-09-10T18:20:55 IST" duration-ms="4270" status="PASS">
          <params>
            <param index="0">
              <value>
                <![CDATA[chrome]]>
              </value>
            </param>
          </params>
          <reporter-output>
          </reporter-output>
        </test-method> <!-- setUp -->
        <test-method signature="loginWithMultipleUsers(java.lang.String,java.lang.String)[pri:0, instance:testcases.ValidLoginTest@2d901eb0]" started-at="2025-09-10T18:20:55 IST" name="loginWithMultipleUsers" data-provider="loginData" finished-at="2025-09-10T18:21:02 IST" duration-ms="7159" status="PASS">
          <params>
            <param index="0">
              <value>
                <![CDATA[problem_user]]>
              </value>
            </param>
            <param index="1">
              <value>
                <![CDATA[secret_sauce]]>
              </value>
            </param>
          </params>
          <reporter-output>
          </reporter-output>
        </test-method> <!-- loginWithMultipleUsers -->
        <test-method signature="loginWithMultipleUsers(java.lang.String,java.lang.String)[pri:0, instance:testcases.ValidLoginTest@2d901eb0]" started-at="2025-09-10T18:20:57 IST" name="loginWithMultipleUsers" data-provider="loginData" finished-at="2025-09-10T18:21:06 IST" duration-ms="9290" status="PASS">
          <params>
            <param index="0">
              <value>
                <![CDATA[locked_out_user]]>
              </value>
            </param>
            <param index="1">
              <value>
                <![CDATA[secret_sauce]]>
              </value>
            </param>
          </params>
          <reporter-output>
          </reporter-output>
        </test-method> <!-- loginWithMultipleUsers -->
        <test-method signature="loginWithMultipleUsers(java.lang.String,java.lang.String)[pri:0, instance:testcases.ValidLoginTest@2d901eb0]" started-at="2025-09-10T18:20:57 IST" name="loginWithMultipleUsers" data-provider="loginData" finished-at="2025-09-10T18:21:06 IST" duration-ms="9009" status="PASS">
          <params>
            <param index="0">
              <value>
                <![CDATA[standard_user]]>
              </value>
            </param>
            <param index="1">
              <value>
                <![CDATA[secret_sauce]]>
              </value>
            </param>
          </params>
          <reporter-output>
          </reporter-output>
        </test-method> <!-- loginWithMultipleUsers -->
        <test-method is-config="true" signature="tearDown()[pri:0, instance:testcases.ValidLoginTest@2d901eb0]" started-at="2025-09-10T18:21:02 IST" name="tearDown" finished-at="2025-09-10T18:21:14 IST" duration-ms="11885" status="PASS">
          <reporter-output>
          </reporter-output>
        </test-method> <!-- tearDown -->
        <test-method is-config="true" signature="tearDown()[pri:0, instance:testcases.ValidLoginTest@2d901eb0]" started-at="2025-09-10T18:21:06 IST" name="tearDown" finished-at="2025-09-10T18:21:12 IST" duration-ms="5834" status="PASS">
          <reporter-output>
          </reporter-output>
        </test-method> <!-- tearDown -->
        <test-method is-config="true" signature="tearDown()[pri:0, instance:testcases.ValidLoginTest@2d901eb0]" started-at="2025-09-10T18:21:06 IST" name="tearDown" finished-at="2025-09-10T18:21:15 IST" duration-ms="9154" status="PASS">
          <reporter-output>
          </reporter-output>
        </test-method> <!-- tearDown -->
      </class> <!-- testcases.ValidLoginTest -->
      <class name="testcases.InvalidLoginTest">
        <test-method is-config="true" signature="setUp(java.lang.String)[pri:0, instance:testcases.InvalidLoginTest@35dab4eb]" started-at="2025-09-10T18:20:28 IST" name="setUp" finished-at="2025-09-10T18:20:33 IST" duration-ms="5315" status="PASS">
          <params>
            <param index="0">
              <value>
                <![CDATA[chrome]]>
              </value>
            </param>
          </params>
          <reporter-output>
          </reporter-output>
        </test-method> <!-- setUp -->
        <test-method signature="loginWithInvalidCredentials(java.lang.String,java.lang.String,java.lang.String)[pri:0, instance:testcases.InvalidLoginTest@35dab4eb]" started-at="2025-09-10T18:20:33 IST" name="loginWithInvalidCredentials" data-provider="negativeLoginData" finished-at="2025-09-10T18:20:34 IST" duration-ms="610" status="PASS">
          <params>
            <param index="0">
              <value>
                <![CDATA[standard_user]]>
              </value>
            </param>
            <param index="1">
              <value>
                <![CDATA[wrong_pass]]>
              </value>
            </param>
            <param index="2">
              <value>
                <![CDATA[Epic sadface: Username and password do not match any user in this service]]>
              </value>
            </param>
          </params>
          <reporter-output>
          </reporter-output>
        </test-method> <!-- loginWithInvalidCredentials -->
        <test-method is-config="true" signature="tearDown()[pri:0, instance:testcases.InvalidLoginTest@35dab4eb]" started-at="2025-09-10T18:20:34 IST" name="tearDown" finished-at="2025-09-10T18:20:35 IST" duration-ms="1167" status="PASS">
          <reporter-output>
          </reporter-output>
        </test-method> <!-- tearDown -->
        <test-method is-config="true" signature="setUp(java.lang.String)[pri:0, instance:testcases.InvalidLoginTest@35dab4eb]" started-at="2025-09-10T18:20:35 IST" name="setUp" finished-at="2025-09-10T18:20:38 IST" duration-ms="2890" status="PASS">
          <params>
            <param index="0">
              <value>
                <![CDATA[chrome]]>
              </value>
            </param>
          </params>
          <reporter-output>
          </reporter-output>
        </test-method> <!-- setUp -->
        <test-method signature="loginWithInvalidCredentials(java.lang.String,java.lang.String,java.lang.String)[pri:0, instance:testcases.InvalidLoginTest@35dab4eb]" started-at="2025-09-10T18:20:38 IST" name="loginWithInvalidCredentials" data-provider="negativeLoginData" finished-at="2025-09-10T18:20:40 IST" duration-ms="2660" status="PASS">
          <params>
            <param index="0">
              <value>
                <![CDATA[locked_out_user]]>
              </value>
            </param>
            <param index="1">
              <value>
                <![CDATA[secret_sauce]]>
              </value>
            </param>
            <param index="2">
              <value>
                <![CDATA[Epic sadface: Sorry, this user has been locked out.]]>
              </value>
            </param>
          </params>
          <reporter-output>
          </reporter-output>
        </test-method> <!-- loginWithInvalidCredentials -->
        <test-method is-config="true" signature="tearDown()[pri:0, instance:testcases.InvalidLoginTest@35dab4eb]" started-at="2025-09-10T18:20:40 IST" name="tearDown" finished-at="2025-09-10T18:20:43 IST" duration-ms="2501" status="PASS">
          <reporter-output>
          </reporter-output>
        </test-method> <!-- tearDown -->
        <test-method is-config="true" signature="setUp(java.lang.String)[pri:0, instance:testcases.InvalidLoginTest@35dab4eb]" started-at="2025-09-10T18:20:43 IST" name="setUp" finished-at="2025-09-10T18:20:46 IST" duration-ms="2838" status="PASS">
          <params>
            <param index="0">
              <value>
                <![CDATA[chrome]]>
              </value>
            </param>
          </params>
          <reporter-output>
          </reporter-output>
        </test-method> <!-- setUp -->
        <test-method signature="loginWithInvalidCredentials(java.lang.String,java.lang.String,java.lang.String)[pri:0, instance:testcases.InvalidLoginTest@35dab4eb]" started-at="2025-09-10T18:20:46 IST" name="loginWithInvalidCredentials" data-provider="negativeLoginData" finished-at="2025-09-10T18:20:49 IST" duration-ms="2984" status="PASS">
          <params>
            <param index="0">
              <value>
                <![CDATA[wrong_user]]>
              </value>
            </param>
            <param index="1">
              <value>
                <![CDATA[wrong_pass]]>
              </value>
            </param>
            <param index="2">
              <value>
                <![CDATA[Epic sadface: Username and password do not match any user in this service]]>
              </value>
            </param>
          </params>
          <reporter-output>
          </reporter-output>
        </test-method> <!-- loginWithInvalidCredentials -->
        <test-method is-config="true" signature="tearDown()[pri:0, instance:testcases.InvalidLoginTest@35dab4eb]" started-at="2025-09-10T18:20:49 IST" name="tearDown" finished-at="2025-09-10T18:20:50 IST" duration-ms="937" status="PASS">
          <reporter-output>
          </reporter-output>
        </test-method> <!-- tearDown -->
      </class> <!-- testcases.InvalidLoginTest -->
      <class name="testcases.E2EFlowTest">
        <test-method is-config="true" signature="setUp(java.lang.String)[pri:0, instance:testcases.E2EFlowTest@8519cb4]" started-at="2025-09-10T18:20:04 IST" name="setUp" finished-at="2025-09-10T18:20:10 IST" duration-ms="6054" status="PASS">
          <params>
            <param index="0">
              <value>
                <![CDATA[chrome]]>
              </value>
            </param>
          </params>
          <reporter-output>
          </reporter-output>
        </test-method> <!-- setUp -->
        <test-method signature="loginAddToCartCheckout()[pri:0, instance:testcases.E2EFlowTest@8519cb4]" started-at="2025-09-10T18:20:10 IST" name="loginAddToCartCheckout" finished-at="2025-09-10T18:20:16 IST" duration-ms="6781" status="PASS">
          <reporter-output>
          </reporter-output>
        </test-method> <!-- loginAddToCartCheckout -->
        <test-method is-config="true" signature="tearDown()[pri:0, instance:testcases.E2EFlowTest@8519cb4]" started-at="2025-09-10T18:20:16 IST" name="tearDown" finished-at="2025-09-10T18:20:27 IST" duration-ms="10137" status="PASS">
          <reporter-output>
          </reporter-output>
        </test-method> <!-- tearDown -->
      </class> <!-- testcases.E2EFlowTest -->
    </test> <!-- Surefire test -->
  </suite> <!-- Surefire suite -->
</testng-results>
