<?xml version="1.0" encoding="UTF-8"?>
<testng-results ignored="0" total="1" passed="1" failed="0" skipped="0">
  <reporter-output>
  </reporter-output>
  <suite started-at="2025-07-11T15:51:24 IST" name="Surefire suite" finished-at="2025-07-11T15:51:37 IST" duration-ms="12788">
    <groups>
    </groups>
    <test started-at="2025-07-11T15:51:24 IST" name="Surefire test" finished-at="2025-07-11T15:51:37 IST" duration-ms="12788">
      <class name="tests.LoginTest">
        <test-method is-config="true" signature="setUp()[pri:0, instance:tests.LoginTest@353d0772]" started-at="2025-07-11T15:51:24 IST" name="setUp" finished-at="2025-07-11T15:51:32 IST" duration-ms="7700" status="PASS">
          <reporter-output>
          </reporter-output>
        </test-method> <!-- setUp -->
        <test-method signature="validLoginTest()[pri:0, instance:tests.LoginTest@353d0772]" started-at="2025-07-11T15:51:32 IST" name="validLoginTest" finished-at="2025-07-11T15:51:32 IST" duration-ms="758" status="PASS">
          <reporter-output>
          </reporter-output>
        </test-method> <!-- validLoginTest -->
        <test-method is-config="true" signature="tearDown()[pri:0, instance:tests.LoginTest@353d0772]" started-at="2025-07-11T15:51:32 IST" name="tearDown" finished-at="2025-07-11T15:51:37 IST" duration-ms="4277" status="PASS">
          <reporter-output>
          </reporter-output>
        </test-method> <!-- tearDown -->
      </class> <!-- tests.LoginTest -->
    </test> <!-- Surefire test -->
  </suite> <!-- Surefire suite -->
</testng-results>
