<?xml version="1.0" encoding="UTF-8"?>
<testng-results ignored="0" total="7" passed="7" failed="0" skipped="0">
  <reporter-output>
  </reporter-output>
  <suite started-at="2025-09-10T19:00:17 IST" name="Surefire suite" finished-at="2025-09-10T19:00:57 IST" duration-ms="40132">
    <groups>
    </groups>
    <test started-at="2025-09-10T19:00:17 IST" name="Surefire test" finished-at="2025-09-10T19:00:57 IST" duration-ms="40132">
      <class name="testcases.ValidLoginTest">
        <test-method is-config="true" signature="setUp(java.lang.String)[pri:0, instance:testcases.ValidLoginTest@2d901eb0]" started-at="2025-09-10T19:00:42 IST" name="setUp" finished-at="2025-09-10T19:00:47 IST" duration-ms="4752" status="PASS">
          <params>
            <param index="0">
              <value>
                <![CDATA[chrome]]>
              </value>
            </param>
          </params>
          <reporter-output>
          </reporter-output>
        </test-method> <!-- setUp -->
        <test-method is-config="true" signature="setUp(java.lang.String)[pri:0, instance:testcases.ValidLoginTest@2d901eb0]" started-at="2025-09-10T19:00:42 IST" name="setUp" finished-at="2025-09-10T19:00:48 IST" duration-ms="6274" status="PASS">
          <params>
            <param index="0">
              <value>
                <![CDATA[chrome]]>
              </value>
            </param>
          </params>
          <reporter-output>
          </reporter-output>
        </test-method> <!-- setUp -->
        <test-method is-config="true" signature="setUp(java.lang.String)[pri:0, instance:testcases.ValidLoginTest@2d901eb0]" started-at="2025-09-10T19:00:42 IST" name="setUp" finished-at="2025-09-10T19:00:47 IST" duration-ms="4968" status="PASS">
          <params>
            <param index="0">
              <value>
                <![CDATA[chrome]]>
              </value>
            </param>
          </params>
          <reporter-output>
          </reporter-output>
        </test-method> <!-- setUp -->
        <test-method signature="loginWithMultipleUsers(java.lang.String,java.lang.String)[pri:0, instance:testcases.ValidLoginTest@2d901eb0]" started-at="2025-09-10T19:00:47 IST" name="loginWithMultipleUsers" data-provider="loginData" finished-at="2025-09-10T19:00:54 IST" duration-ms="6952" status="PASS">
          <params>
            <param index="0">
              <value>
                <![CDATA[standard_user]]>
              </value>
            </param>
            <param index="1">
              <value>
                <![CDATA[secret_sauce]]>
              </value>
            </param>
          </params>
          <reporter-output>
          </reporter-output>
        </test-method> <!-- loginWithMultipleUsers -->
        <test-method signature="loginWithMultipleUsers(java.lang.String,java.lang.String)[pri:0, instance:testcases.ValidLoginTest@2d901eb0]" started-at="2025-09-10T19:00:47 IST" name="loginWithMultipleUsers" data-provider="loginData" finished-at="2025-09-10T19:00:56 IST" duration-ms="8974" status="PASS">
          <params>
            <param index="0">
              <value>
                <![CDATA[problem_user]]>
              </value>
            </param>
            <param index="1">
              <value>
                <![CDATA[secret_sauce]]>
              </value>
            </param>
          </params>
          <reporter-output>
          </reporter-output>
        </test-method> <!-- loginWithMultipleUsers -->
        <test-method signature="loginWithMultipleUsers(java.lang.String,java.lang.String)[pri:0, instance:testcases.ValidLoginTest@2d901eb0]" started-at="2025-09-10T19:00:48 IST" name="loginWithMultipleUsers" data-provider="loginData" finished-at="2025-09-10T19:00:56 IST" duration-ms="7912" status="PASS">
          <params>
            <param index="0">
              <value>
                <![CDATA[locked_out_user]]>
              </value>
            </param>
            <param index="1">
              <value>
                <![CDATA[secret_sauce]]>
              </value>
            </param>
          </params>
          <reporter-output>
          </reporter-output>
        </test-method> <!-- loginWithMultipleUsers -->
        <test-method is-config="true" signature="tearDown()[pri:0, instance:testcases.ValidLoginTest@2d901eb0]" started-at="2025-09-10T19:00:54 IST" name="tearDown" finished-at="2025-09-10T19:00:54 IST" duration-ms="145" status="PASS">
          <reporter-output>
          </reporter-output>
        </test-method> <!-- tearDown -->
        <test-method is-config="true" signature="tearDown()[pri:0, instance:testcases.ValidLoginTest@2d901eb0]" started-at="2025-09-10T19:00:56 IST" name="tearDown" finished-at="2025-09-10T19:00:56 IST" duration-ms="70" status="PASS">
          <reporter-output>
          </reporter-output>
        </test-method> <!-- tearDown -->
        <test-method is-config="true" signature="tearDown()[pri:0, instance:testcases.ValidLoginTest@2d901eb0]" started-at="2025-09-10T19:00:56 IST" name="tearDown" finished-at="2025-09-10T19:00:57 IST" duration-ms="627" status="PASS">
          <reporter-output>
          </reporter-output>
        </test-method> <!-- tearDown -->
      </class> <!-- testcases.ValidLoginTest -->
      <class name="testcases.InvalidLoginTest">
        <test-method is-config="true" signature="setUp(java.lang.String)[pri:0, instance:testcases.InvalidLoginTest@35dab4eb]" started-at="2025-09-10T19:00:28 IST" name="setUp" finished-at="2025-09-10T19:00:30 IST" duration-ms="2728" status="PASS">
          <params>
            <param index="0">
              <value>
                <![CDATA[chrome]]>
              </value>
            </param>
          </params>
          <reporter-output>
          </reporter-output>
        </test-method> <!-- setUp -->
        <test-method signature="loginWithInvalidCredentials(java.lang.String,java.lang.String,java.lang.String)[pri:0, instance:testcases.InvalidLoginTest@35dab4eb]" started-at="2025-09-10T19:00:30 IST" name="loginWithInvalidCredentials" data-provider="negativeLoginData" finished-at="2025-09-10T19:00:31 IST" duration-ms="719" status="PASS">
          <params>
            <param index="0">
              <value>
                <![CDATA[standard_user]]>
              </value>
            </param>
            <param index="1">
              <value>
                <![CDATA[wrong_pass]]>
              </value>
            </param>
            <param index="2">
              <value>
                <![CDATA[Epic sadface: Username and password do not match any user in this service]]>
              </value>
            </param>
          </params>
          <reporter-output>
          </reporter-output>
        </test-method> <!-- loginWithInvalidCredentials -->
        <test-method is-config="true" signature="tearDown()[pri:0, instance:testcases.InvalidLoginTest@35dab4eb]" started-at="2025-09-10T19:00:31 IST" name="tearDown" finished-at="2025-09-10T19:00:32 IST" duration-ms="1325" status="PASS">
          <reporter-output>
          </reporter-output>
        </test-method> <!-- tearDown -->
        <test-method is-config="true" signature="setUp(java.lang.String)[pri:0, instance:testcases.InvalidLoginTest@35dab4eb]" started-at="2025-09-10T19:00:32 IST" name="setUp" finished-at="2025-09-10T19:00:35 IST" duration-ms="2746" status="PASS">
          <params>
            <param index="0">
              <value>
                <![CDATA[chrome]]>
              </value>
            </param>
          </params>
          <reporter-output>
          </reporter-output>
        </test-method> <!-- setUp -->
        <test-method signature="loginWithInvalidCredentials(java.lang.String,java.lang.String,java.lang.String)[pri:0, instance:testcases.InvalidLoginTest@35dab4eb]" started-at="2025-09-10T19:00:35 IST" name="loginWithInvalidCredentials" data-provider="negativeLoginData" finished-at="2025-09-10T19:00:36 IST" duration-ms="995" status="PASS">
          <params>
            <param index="0">
              <value>
                <![CDATA[locked_out_user]]>
              </value>
            </param>
            <param index="1">
              <value>
                <![CDATA[secret_sauce]]>
              </value>
            </param>
            <param index="2">
              <value>
                <![CDATA[Epic sadface: Sorry, this user has been locked out.]]>
              </value>
            </param>
          </params>
          <reporter-output>
          </reporter-output>
        </test-method> <!-- loginWithInvalidCredentials -->
        <test-method is-config="true" signature="tearDown()[pri:0, instance:testcases.InvalidLoginTest@35dab4eb]" started-at="2025-09-10T19:00:36 IST" name="tearDown" finished-at="2025-09-10T19:00:37 IST" duration-ms="977" status="PASS">
          <reporter-output>
          </reporter-output>
        </test-method> <!-- tearDown -->
        <test-method is-config="true" signature="setUp(java.lang.String)[pri:0, instance:testcases.InvalidLoginTest@35dab4eb]" started-at="2025-09-10T19:00:37 IST" name="setUp" finished-at="2025-09-10T19:00:40 IST" duration-ms="2858" status="PASS">
          <params>
            <param index="0">
              <value>
                <![CDATA[chrome]]>
              </value>
            </param>
          </params>
          <reporter-output>
          </reporter-output>
        </test-method> <!-- setUp -->
        <test-method signature="loginWithInvalidCredentials(java.lang.String,java.lang.String,java.lang.String)[pri:0, instance:testcases.InvalidLoginTest@35dab4eb]" started-at="2025-09-10T19:00:40 IST" name="loginWithInvalidCredentials" data-provider="negativeLoginData" finished-at="2025-09-10T19:00:41 IST" duration-ms="597" status="PASS">
          <params>
            <param index="0">
              <value>
                <![CDATA[wrong_user]]>
              </value>
            </param>
            <param index="1">
              <value>
                <![CDATA[wrong_pass]]>
              </value>
            </param>
            <param index="2">
              <value>
                <![CDATA[Epic sadface: Username and password do not match any user in this service]]>
              </value>
            </param>
          </params>
          <reporter-output>
          </reporter-output>
        </test-method> <!-- loginWithInvalidCredentials -->
        <test-method is-config="true" signature="tearDown()[pri:0, instance:testcases.InvalidLoginTest@35dab4eb]" started-at="2025-09-10T19:00:41 IST" name="tearDown" finished-at="2025-09-10T19:00:42 IST" duration-ms="1206" status="PASS">
          <reporter-output>
          </reporter-output>
        </test-method> <!-- tearDown -->
      </class> <!-- testcases.InvalidLoginTest -->
      <class name="testcases.E2EFlowTest">
        <test-method is-config="true" signature="setUp(java.lang.String)[pri:0, instance:testcases.E2EFlowTest@8519cb4]" started-at="2025-09-10T19:00:17 IST" name="setUp" finished-at="2025-09-10T19:00:24 IST" duration-ms="7778" status="PASS">
          <params>
            <param index="0">
              <value>
                <![CDATA[chrome]]>
              </value>
            </param>
          </params>
          <reporter-output>
          </reporter-output>
        </test-method> <!-- setUp -->
        <test-method signature="loginAddToCartCheckout()[pri:0, instance:testcases.E2EFlowTest@8519cb4]" started-at="2025-09-10T19:00:24 IST" name="loginAddToCartCheckout" finished-at="2025-09-10T19:00:26 IST" duration-ms="1571" status="PASS">
          <reporter-output>
          </reporter-output>
        </test-method> <!-- loginAddToCartCheckout -->
        <test-method is-config="true" signature="tearDown()[pri:0, instance:testcases.E2EFlowTest@8519cb4]" started-at="2025-09-10T19:00:26 IST" name="tearDown" finished-at="2025-09-10T19:00:27 IST" duration-ms="687" status="PASS">
          <reporter-output>
          </reporter-output>
        </test-method> <!-- tearDown -->
      </class> <!-- testcases.E2EFlowTest -->
    </test> <!-- Surefire test -->
  </suite> <!-- Surefire suite -->
</testng-results>
