<?xml version="1.0" encoding="UTF-8"?>
<testng-results ignored="0" total="1" passed="1" failed="0" skipped="0">
  <reporter-output>
  </reporter-output>
  <suite started-at="2025-07-11T15:39:50 IST" name="Surefire suite" finished-at="2025-07-11T15:40:03 IST" duration-ms="13413">
    <groups>
    </groups>
    <test started-at="2025-07-11T15:39:50 IST" name="Surefire test" finished-at="2025-07-11T15:40:03 IST" duration-ms="13413">
      <class name="tests.LoginTest">
        <test-method is-config="true" signature="setUp()[pri:0, instance:tests.LoginTest@4386f16]" started-at="2025-07-11T15:39:50 IST" name="setUp" finished-at="2025-07-11T15:40:02 IST" duration-ms="12092" status="PASS">
          <reporter-output>
          </reporter-output>
        </test-method> <!-- setUp -->
        <test-method signature="validLoginTest()[pri:0, instance:tests.LoginTest@4386f16]" started-at="2025-07-11T15:40:02 IST" name="validLoginTest" finished-at="2025-07-11T15:40:03 IST" duration-ms="717" status="PASS">
          <reporter-output>
          </reporter-output>
        </test-method> <!-- validLoginTest -->
        <test-method is-config="true" signature="tearDown()[pri:0, instance:tests.LoginTest@4386f16]" started-at="2025-07-11T15:40:03 IST" name="tearDown" finished-at="2025-07-11T15:40:03 IST" duration-ms="551" status="PASS">
          <reporter-output>
          </reporter-output>
        </test-method> <!-- tearDown -->
      </class> <!-- tests.LoginTest -->
    </test> <!-- Surefire test -->
  </suite> <!-- Surefire suite -->
</testng-results>
