<?xml version="1.0" encoding="UTF-8"?>
<testng-results ignored="0" total="1" passed="1" failed="0" skipped="0">
  <reporter-output>
  </reporter-output>
  <suite started-at="2025-09-10T16:01:49 IST" name="All Tests" finished-at="2025-09-10T16:02:07 IST" duration-ms="18262">
    <groups>
    </groups>
    <test started-at="2025-09-10T16:01:49 IST" name="SwagLabs Tests" finished-at="2025-09-10T16:02:07 IST" duration-ms="18262">
      <class name="testcases.E2EFlowTest">
        <test-method is-config="true" signature="setUp(java.lang.String)[pri:0, instance:testcases.E2EFlowTest@2f01783a]" started-at="2025-09-10T16:01:49 IST" name="setUp" finished-at="2025-09-10T16:01:55 IST" duration-ms="6045" status="PASS">
          <params>
            <param index="0">
              <value>
                <![CDATA[]]>
              </value>
            </param>
          </params>
          <reporter-output>
          </reporter-output>
        </test-method> <!-- setUp -->
        <test-method signature="loginAddToCartCheckout()[pri:0, instance:testcases.E2EFlowTest@2f01783a]" started-at="2025-09-10T16:01:55 IST" name="loginAddToCartCheckout" finished-at="2025-09-10T16:02:02 IST" duration-ms="6745" status="PASS">
          <reporter-output>
          </reporter-output>
        </test-method> <!-- loginAddToCartCheckout -->
        <test-method is-config="true" signature="tearDown()[pri:0, instance:testcases.E2EFlowTest@2f01783a]" started-at="2025-09-10T16:02:02 IST" name="tearDown" finished-at="2025-09-10T16:02:07 IST" duration-ms="5382" status="PASS">
          <reporter-output>
          </reporter-output>
        </test-method> <!-- tearDown -->
      </class> <!-- testcases.E2EFlowTest -->
    </test> <!-- SwagLabs Tests -->
  </suite> <!-- All Tests -->
</testng-results>
