<?xml version="1.0" encoding="UTF-8"?>
<testng-results ignored="0" total="1" passed="1" failed="0" skipped="0">
  <reporter-output>
  </reporter-output>
  <suite started-at="2025-07-11T10:48:28 IST" name="Default suite" finished-at="2025-07-11T10:48:37 IST" duration-ms="9069">
    <groups>
    </groups>
    <test started-at="2025-07-11T10:48:28 IST" name="Default test" finished-at="2025-07-11T10:48:37 IST" duration-ms="9069">
      <class name="com.selenium_automation_framework.LoginTest">
        <test-method is-config="true" signature="setUp()[pri:0, instance:com.selenium_automation_framework.LoginTest@233795b6]" started-at="2025-07-11T10:48:28 IST" name="setUp" finished-at="2025-07-11T10:48:33 IST" duration-ms="4726" status="PASS">
          <reporter-output>
          </reporter-output>
        </test-method> <!-- setUp -->
        <test-method signature="validLoginTest()[pri:0, instance:com.selenium_automation_framework.LoginTest@233795b6]" started-at="2025-07-11T10:48:33 IST" name="validLoginTest" finished-at="2025-07-11T10:48:36 IST" duration-ms="3587" status="PASS">
          <reporter-output>
          </reporter-output>
        </test-method> <!-- validLoginTest -->
        <test-method is-config="true" signature="tearDown()[pri:0, instance:com.selenium_automation_framework.LoginTest@233795b6]" started-at="2025-07-11T10:48:36 IST" name="tearDown" finished-at="2025-07-11T10:48:37 IST" duration-ms="696" status="PASS">
          <reporter-output>
          </reporter-output>
        </test-method> <!-- tearDown -->
      </class> <!-- com.selenium_automation_framework.LoginTest -->
    </test> <!-- Default test -->
  </suite> <!-- Default suite -->
</testng-results>
