<?xml version="1.0" encoding="UTF-8"?>
<!-- Generated by org.testng.reporters.JUnitXMLReporter -->
<testsuite ignored="0" hostname="LAPTOP-UMGIKAS2" failures="4" tests="4" name="Create User Data Tests" time="0.856" errors="0" timestamp="2025-07-15T14:44:05 IST">
  <testcase classname="api.CreateUserDataDrivenTest" name="createUserTest" time="0.012">
    <failure type="java.lang.NullPointerException" message="Cannot invoke &amp;quot;com.aventstack.extentreports.ExtentReports.createTest(String)&amp;quot; because &amp;quot;base.BaseTest.extent&amp;quot; is null">
      <![CDATA[java.lang.NullPointerException: Cannot invoke "com.aventstack.extentreports.ExtentReports.createTest(String)" because "base.BaseTest.extent" is null
at base.BaseTest.createTest(BaseTest.java:47)
at api.CreateUserDataDrivenTest.createUserTest(CreateUserDataDrivenTest.java:36)
at java.base/java.util.ArrayList.forEach(ArrayList.java:1597)
... Removed 25 stack frames]]>
    </failure>
  </testcase> <!-- createUserTest -->
  <testcase classname="api.CreateUserDataDrivenTest" name="createUserTest" time="0.003">
    <failure type="java.lang.NullPointerException" message="Cannot invoke &amp;quot;com.aventstack.extentreports.ExtentReports.createTest(String)&amp;quot; because &amp;quot;base.BaseTest.extent&amp;quot; is null">
      <![CDATA[java.lang.NullPointerException: Cannot invoke "com.aventstack.extentreports.ExtentReports.createTest(String)" because "base.BaseTest.extent" is null
at base.BaseTest.createTest(BaseTest.java:47)
at api.CreateUserDataDrivenTest.createUserTest(CreateUserDataDrivenTest.java:36)
at java.base/java.util.ArrayList.forEach(ArrayList.java:1597)
... Removed 25 stack frames]]>
    </failure>
  </testcase> <!-- createUserTest -->
  <testcase classname="api.CreateUserDataDrivenTest" name="createUserTest" time="0.002">
    <failure type="java.lang.NullPointerException" message="Cannot invoke &amp;quot;com.aventstack.extentreports.ExtentReports.createTest(String)&amp;quot; because &amp;quot;base.BaseTest.extent&amp;quot; is null">
      <![CDATA[java.lang.NullPointerException: Cannot invoke "com.aventstack.extentreports.ExtentReports.createTest(String)" because "base.BaseTest.extent" is null
at base.BaseTest.createTest(BaseTest.java:47)
at api.CreateUserDataDrivenTest.createUserTest(CreateUserDataDrivenTest.java:36)
at java.base/java.util.ArrayList.forEach(ArrayList.java:1597)
... Removed 25 stack frames]]>
    </failure>
  </testcase> <!-- createUserTest -->
  <testcase classname="api.CreateUserDataDrivenTest" name="createUserTest" time="0.002">
    <failure type="java.lang.NullPointerException" message="Cannot invoke &amp;quot;com.aventstack.extentreports.ExtentReports.createTest(String)&amp;quot; because &amp;quot;base.BaseTest.extent&amp;quot; is null">
      <![CDATA[java.lang.NullPointerException: Cannot invoke "com.aventstack.extentreports.ExtentReports.createTest(String)" because "base.BaseTest.extent" is null
at base.BaseTest.createTest(BaseTest.java:47)
at api.CreateUserDataDrivenTest.createUserTest(CreateUserDataDrivenTest.java:36)
at java.base/java.util.ArrayList.forEach(ArrayList.java:1597)
... Removed 25 stack frames]]>
    </failure>
  </testcase> <!-- createUserTest -->
</testsuite> <!-- Create User Data Tests -->
